# JRE version: OpenJDK Runtime Environment (8.0_242) (build 1.8.0_242-release-1644-b3-6222593)
# Java VM: OpenJDK 64-Bit Server VM (25.242-b3-6222593 mixed mode linux-amd64 compressed oops)
Heap:
 PSYoungGen      total 128000K, used 5108K [0x00000000d5580000, 0x00000000dd780000, 0x0000000100000000)
  eden space 122880K, 0% used [0x00000000d5580000,0x00000000d5580000,0x00000000dcd80000)
  from space 5120K, 99% used [0x00000000dcd80000,0x00000000dd27d050,0x00000000dd280000)
  to   space 5120K, 0% used [0x00000000dd280000,0x00000000dd280000,0x00000000dd780000)
 ParOldGen       total 81920K, used 11719K [0x0000000080000000, 0x0000000085000000, 0x00000000d5580000)
  object space 81920K, 14% used [0x0000000080000000,0x0000000080b71f00,0x0000000085000000)
 Metaspace       used 20453K, capacity 21258K, committed 21296K, reserved 1067008K
  class space    used 2858K, capacity 3085K, committed 3120K, reserved 1048576K
GC Heap History (9 events):
Event: 1.058 GC heap before
{Heap before GC invocations=1 (full 0):
 PSYoungGen      total 35840K, used 30720K [0x00000000d5580000, 0x00000000d7d80000, 0x0000000100000000)
  eden space 30720K, 100% used [0x00000000d5580000,0x00000000d7380000,0x00000000d7380000)
  from space 5120K, 0% used [0x00000000d7880000,0x00000000d7880000,0x00000000d7d80000)
  to   space 5120K, 0% used [0x00000000d7380000,0x00000000d7380000,0x00000000d7880000)
 ParOldGen       total 81920K, used 0K [0x0000000080000000, 0x0000000085000000, 0x00000000d5580000)
  object space 81920K, 0% used [0x0000000080000000,0x0000000080000000,0x0000000085000000)
 Metaspace       used 7118K, capacity 7326K, committed 7424K, reserved 1056768K
  class space    used 886K, capacity 973K, committed 1024K, reserved 1048576K
Event: 1.074 GC heap after
Heap after GC invocations=1 (full 0):
 PSYoungGen      total 35840K, used 4256K [0x00000000d5580000, 0x00000000d9b80000, 0x0000000100000000)
  eden space 30720K, 0% used [0x00000000d5580000,0x00000000d5580000,0x00000000d7380000)
  from space 5120K, 83% used [0x00000000d7380000,0x00000000d77a81f0,0x00000000d7880000)
  to   space 5120K, 0% used [0x00000000d9680000,0x00000000d9680000,0x00000000d9b80000)
 ParOldGen       total 81920K, used 8K [0x0000000080000000, 0x0000000085000000, 0x00000000d5580000)
  object space 81920K, 0% used [0x0000000080000000,0x0000000080002000,0x0000000085000000)
 Metaspace       used 7118K, capacity 7326K, committed 7424K, reserved 1056768K
  class space    used 886K, capacity 973K, committed 1024K, reserved 1048576K
}
Event: 1.419 GC heap before
{Heap before GC invocations=2 (full 0):
 PSYoungGen      total 35840K, used 34976K [0x00000000d5580000, 0x00000000d9b80000, 0x0000000100000000)
  eden space 30720K, 100% used [0x00000000d5580000,0x00000000d7380000,0x00000000d7380000)
  from space 5120K, 83% used [0x00000000d7380000,0x00000000d77a81f0,0x00000000d7880000)
  to   space 5120K, 0% used [0x00000000d9680000,0x00000000d9680000,0x00000000d9b80000)
 ParOldGen       total 81920K, used 8K [0x0000000080000000, 0x0000000085000000, 0x00000000d5580000)
  object space 81920K, 0% used [0x0000000080000000,0x0000000080002000,0x0000000085000000)
 Metaspace       used 7539K, capacity 7798K, committed 8064K, reserved 1056768K
  class space    used 958K, capacity 1045K, committed 1152K, reserved 1048576K
Event: 1.428 GC heap after
Heap after GC invocations=2 (full 0):
 PSYoungGen      total 66560K, used 3633K [0x00000000d5580000, 0x00000000d9b80000, 0x0000000100000000)
  eden space 61440K, 0% used [0x00000000d5580000,0x00000000d5580000,0x00000000d9180000)
  from space 5120K, 70% used [0x00000000d9680000,0x00000000d9a0c5d8,0x00000000d9b80000)
  to   space 5120K, 0% used [0x00000000d9180000,0x00000000d9180000,0x00000000d9680000)
 ParOldGen       total 81920K, used 16K [0x0000000080000000, 0x0000000085000000, 0x00000000d5580000)
  object space 81920K, 0% used [0x0000000080000000,0x0000000080004000,0x0000000085000000)
 Metaspace       used 7539K, capacity 7798K, committed 8064K, reserved 1056768K
  class space    used 958K, capacity 1045K, committed 1152K, reserved 1048576K
}
Event: 2.216 GC heap before
{Heap before GC invocations=3 (full 0):
 PSYoungGen      total 66560K, used 65073K [0x00000000d5580000, 0x00000000d9b80000, 0x0000000100000000)
  eden space 61440K, 100% used [0x00000000d5580000,0x00000000d9180000,0x00000000d9180000)
  from space 5120K, 70% used [0x00000000d9680000,0x00000000d9a0c5d8,0x00000000d9b80000)
  to   space 5120K, 0% used [0x00000000d9180000,0x00000000d9180000,0x00000000d9680000)
 ParOldGen       total 81920K, used 16K [0x0000000080000000, 0x0000000085000000, 0x00000000d5580000)
  object space 81920K, 0% used [0x0000000080000000,0x0000000080004000,0x0000000085000000)
 Metaspace       used 14787K, capacity 15318K, committed 15488K, reserved 1062912K
  class space    used 1966K, capacity 2131K, committed 2176K, reserved 1048576K
Event: 2.228 GC heap after
Heap after GC invocations=3 (full 0):
 PSYoungGen      total 66560K, used 5104K [0x00000000d5580000, 0x00000000dd780000, 0x0000000100000000)
  eden space 61440K, 0% used [0x00000000d5580000,0x00000000d5580000,0x00000000d9180000)
  from space 5120K, 99% used [0x00000000d9180000,0x00000000d967c218,0x00000000d9680000)
  to   space 5120K, 0% used [0x00000000dd280000,0x00000000dd280000,0x00000000dd780000)
 ParOldGen       total 81920K, used 4343K [0x0000000080000000, 0x0000000085000000, 0x00000000d5580000)
  object space 81920K, 5% used [0x0000000080000000,0x000000008043dfd8,0x0000000085000000)
 Metaspace       used 14787K, capacity 15318K, committed 15488K, reserved 1062912K
  class space    used 1966K, capacity 2131K, committed 2176K, reserved 1048576K
}
Event: 4.105 GC heap before
{Heap before GC invocations=4 (full 0):
 PSYoungGen      total 66560K, used 66544K [0x00000000d5580000, 0x00000000dd780000, 0x0000000100000000)
  eden space 61440K, 100% used [0x00000000d5580000,0x00000000d9180000,0x00000000d9180000)
  from space 5120K, 99% used [0x00000000d9180000,0x00000000d967c218,0x00000000d9680000)
  to   space 5120K, 0% used [0x00000000dd280000,0x00000000dd280000,0x00000000dd780000)
 ParOldGen       total 81920K, used 4343K [0x0000000080000000, 0x0000000085000000, 0x00000000d5580000)
  object space 81920K, 5% used [0x0000000080000000,0x000000008043dfd8,0x0000000085000000)
 Metaspace       used 19927K, capacity 20614K, committed 20736K, reserved 1067008K
  class space    used 2788K, capacity 2963K, committed 3072K, reserved 1048576K
Event: 4.173 GC heap after
Heap after GC invocations=4 (full 0):
 PSYoungGen      total 128000K, used 5088K [0x00000000d5580000, 0x00000000dd780000, 0x0000000100000000)
  eden space 122880K, 0% used [0x00000000d5580000,0x00000000d5580000,0x00000000dcd80000)
  from space 5120K, 99% used [0x00000000dd280000,0x00000000dd778040,0x00000000dd780000)
  to   space 5120K, 0% used [0x00000000dcd80000,0x00000000dcd80000,0x00000000dd280000)
 ParOldGen       total 81920K, used 10302K [0x0000000080000000, 0x0000000085000000, 0x00000000d5580000)
  object space 81920K, 12% used [0x0000000080000000,0x0000000080a0fb70,0x0000000085000000)
 Metaspace       used 19927K, capacity 20614K, committed 20736K, reserved 1067008K
  class space    used 2788K, capacity 2963K, committed 3072K, reserved 1048576K
}
Event: 9.183 GC heap before
{Heap before GC invocations=5 (full 0):
 PSYoungGen      total 128000K, used 23508K [0x00000000d5580000, 0x00000000dd780000, 0x0000000100000000)
  eden space 122880K, 14% used [0x00000000d5580000,0x00000000d677d1b0,0x00000000dcd80000)
  from space 5120K, 99% used [0x00000000dd280000,0x00000000dd778040,0x00000000dd780000)
  to   space 5120K, 0% used [0x00000000dcd80000,0x00000000dcd80000,0x00000000dd280000)
 ParOldGen       total 81920K, used 10302K [0x0000000080000000, 0x0000000085000000, 0x00000000d5580000)
  object space 81920K, 12% used [0x0000000080000000,0x0000000080a0fb70,0x0000000085000000)
 Metaspace       used 20453K, capacity 21258K, committed 21296K, reserved 1067008K
  class space    used 2858K, capacity 3085K, committed 3120K, reserved 1048576K

